2025-05-22 05:28:34.439 [INFO] [AUTH] User demoUser logged in (tid=txn-000) (host=host-01)
2025-05-22 05:28:34.439 [INFO] [AUTH] User demoUser logged in (tid=txn-000) (host=host-01)
2025-05-22 05:28:34.439 [INFO] [AUTH] User demoUser logged in (tid=txn-000) (host=host-01)
2025-05-22 05:28:34.439 [INFO] [AUTH] User demoUser logged in (tid=txn-000) (host=host-01)
2025-05-22 05:28:34.439 [INFO] [AUTH] User demoUser logged in (tid=txn-000) (host=host-01)
2025-05-22 05:28:34.439 [INFO] [AUTH] User demoUser logged in (tid=txn-000) (host=host-01)
2025-05-22 05:28:34.439 [INFO] [AUTH] User demoUser logged in (tid=txn-000) (host=host-01)
2025-05-22 05:28:34.439 [INFO] [AUTH] User demoUser logged in (tid=txn-000) (host=host-01)
2025-05-22 05:28:34.439 [INFO] [AUTH] User demoUser logged in (tid=txn-000) (host=host-01)
2025-05-22 05:28:34.439 [INFO] [AUTH] User demoUser logged in (tid=txn-000) (host=host-01)
2025-05-22 05:28:34.439 [INFO] [AUTH] User demoUser logged in (tid=txn-000) (host=host-01)
2025-05-22 05:28:34.439 [INFO] [AUTH] User demoUser logged in (tid=txn-000) (host=host-01)
2025-05-22 05:28:34.439 [INFO] [AUTH] User demoUser logged in (tid=txn-000) (host=host-01)
2025-05-22 05:28:34.439 [INFO] [AUTH] User demoUser logged in (tid=txn-000) (host=host-01)
2025-05-22 05:28:34.439 [INFO] [AUTH] User demoUser logged in (tid=txn-000) (host=host-01)
2025-05-22 05:28:34.439 [INFO] [AUTH] User demoUser logged in (tid=txn-000) (host=host-01)
2025-05-22 05:28:34.439 [INFO] [AUTH] User demoUser logged in (tid=txn-000) (host=host-01)
2025-05-22 05:28:34.440 [INFO] [AUTH] User demoUser logged in (tid=txn-000) (host=host-01)
2025-05-22 05:28:34.440 [INFO] [AUTH] User demoUser logged in (tid=txn-000) (host=host-01)
2025-05-22 05:28:34.440 [INFO] [AUTH] User demoUser logged in (tid=txn-000) (host=host-01)
2025-05-22 05:28:34.440 [DEBUG] [AUTH] Starting authentication flow for user demoUser (tid=txn-000) (host=host-01)
2025-05-22 05:28:34.440 [INFO] [AUTH] User demoUser logged in (tid=txn-000) (host=host-01)
2025-05-22 05:28:34.440 [WARN] [CACHE] Cache miss for user demoUser (tid=txn-000) (host=host-01)
2025-05-22 05:28:34.440 [ERROR] [DB] Failed to load profile for demoUser (tid=txn-000) (host=host-01)
2025-05-22 05:28:34.440 [FATAL] [SYSTEM] OutOfMemoryError encountered! (tid=txn-000) (host=host-01)
2025-05-22 05:28:48.703 [DEBUG] [AUTH] Starting authentication flow for user demoUser (tid=txn-000) (host=host-01)
2025-05-22 05:28:48.711 [INFO] [AUTH] User demoUser logged in (tid=txn-000) (host=host-01)
2025-05-22 05:28:48.711 [WARN] [CACHE] Cache miss for user demoUser (tid=txn-000) (host=host-01)
2025-05-22 05:28:48.711 [ERROR] [DB] Failed to load profile for demoUser (tid=txn-000) (host=host-01)
2025-05-22 05:28:48.711 [FATAL] [SYSTEM] OutOfMemoryError encountered! (tid=txn-000) (host=host-01)
2025-05-22 05:28:54.528 [DEBUG] [AUTH] Starting authentication flow for user demoUser (tid=txn-000) (host=host-01)
2025-05-22 05:28:54.536 [INFO] [AUTH] User demoUser logged in (tid=txn-000) (host=host-01)
2025-05-22 05:28:54.536 [WARN] [CACHE] Cache miss for user demoUser (tid=txn-000) (host=host-01)
2025-05-22 05:28:54.536 [ERROR] [DB] Failed to load profile for demoUser (tid=txn-000) (host=host-01)
2025-05-22 05:28:54.536 [FATAL] [SYSTEM] OutOfMemoryError encountered! (tid=txn-000) (host=host-01)
